[17:10:33.405] Global cache location '/Users/yanndepps/Library/Caches/typescript/3.9', safe file path '/users/yanndepps/.config/yarn/global/node_modules/typescript/lib/typingsafelist.json', types map path /users/yanndepps/.config/yarn/global/node_modules/typescript/lib/typesmap.json
[17:10:33.406] Processing cache location '/Users/yanndepps/Library/Caches/typescript/3.9'
[17:10:33.407] Trying to find '/Users/yanndepps/Library/Caches/typescript/3.9/package.json'...
[17:10:33.408] Loaded content of '/Users/yanndepps/Library/Caches/typescript/3.9/package.json': {"private":true,"dependencies":{"types-registry":"^0.1.499"},"devDependencies":{"@types/async":"^3.2.3","@types/atob":"^2.1.2","@types/canvas-confetti":"^1.0.0","@types/eslint":"^7.2.0","@types/eslint-config-prettier":"^6.11.0","@types/eslint-plugin-prettier":"^3.1.0","@types/inherits":"0.0.30","@types/object-path":"^0.11.0","@types/prettier":"^2.0.2","@types/react":"^16.9.41","@types/react-dom":"^16.9.8","@types/sprintf":"^0.1.0","@types/testing-library__jest-dom":"^5.9.1"}}
[17:10:33.408] Loaded content of '/Users/yanndepps/Library/Caches/typescript/3.9/package-lock.json'
[17:10:33.421] Adding entry into typings cache: 'async' => '/Users/yanndepps/Library/Caches/typescript/3.9/node_modules/@types/async/index.d.ts'
[17:10:33.424] Adding entry into typings cache: 'atob' => '/Users/yanndepps/Library/Caches/typescript/3.9/node_modules/@types/atob/index.d.ts'
[17:10:33.427] Adding entry into typings cache: 'canvas-confetti' => '/Users/yanndepps/Library/Caches/typescript/3.9/node_modules/@types/canvas-confetti/index.d.ts'
[17:10:33.434] Adding entry into typings cache: 'eslint' => '/Users/yanndepps/Library/Caches/typescript/3.9/node_modules/@types/eslint/ts3.1/index.d.ts'
[17:10:33.436] Adding entry into typings cache: 'eslint-config-prettier' => '/Users/yanndepps/Library/Caches/typescript/3.9/node_modules/@types/eslint-config-prettier/index.d.ts'
[17:10:33.439] Adding entry into typings cache: 'eslint-plugin-prettier' => '/Users/yanndepps/Library/Caches/typescript/3.9/node_modules/@types/eslint-plugin-prettier/index.d.ts'
[17:10:33.441] Adding entry into typings cache: 'inherits' => '/Users/yanndepps/Library/Caches/typescript/3.9/node_modules/@types/inherits/index.d.ts'
[17:10:33.443] Adding entry into typings cache: 'object-path' => '/Users/yanndepps/Library/Caches/typescript/3.9/node_modules/@types/object-path/index.d.ts'
[17:10:33.445] Adding entry into typings cache: 'prettier' => '/Users/yanndepps/Library/Caches/typescript/3.9/node_modules/@types/prettier/index.d.ts'
[17:10:33.450] Adding entry into typings cache: 'react' => '/Users/yanndepps/Library/Caches/typescript/3.9/node_modules/@types/react/index.d.ts'
[17:10:33.452] Adding entry into typings cache: 'react-dom' => '/Users/yanndepps/Library/Caches/typescript/3.9/node_modules/@types/react-dom/index.d.ts'
[17:10:33.454] Adding entry into typings cache: 'sprintf' => '/Users/yanndepps/Library/Caches/typescript/3.9/node_modules/@types/sprintf/index.d.ts'
[17:10:33.455] Adding entry into typings cache: 'testing-library__jest-dom' => '/Users/yanndepps/Library/Caches/typescript/3.9/node_modules/@types/testing-library__jest-dom/index.d.ts'
[17:10:33.456] Finished processing cache location '/Users/yanndepps/Library/Caches/typescript/3.9'
[17:10:33.456] Process id: 16523
[17:10:33.456] NPM location: /usr/local/bin/npm (explicit '--npmLocation' not  provided)
[17:10:33.456] validateDefaultNpmLocation: false
[17:10:33.457] Npm config file: /Users/yanndepps/Library/Caches/typescript/3.9/package.json
[17:10:33.457] Updating types-registry npm package...
[17:10:33.457] Exec: /usr/local/bin/npm install --ignore-scripts types-registry@latest
[17:10:35.145]     Succeeded. stdout:
    + types-registry@0.1.499
    updated 1 package and audited 39 packages in 0.954s

1 package is looking for funding
  run `npm fund` for details

found 0 vulnerabilities


[17:10:35.145] Updated types-registry npm package
[17:10:35.665] Got install request {"projectName":"/dev/null/inferredProject1*","fileNames":["/Users/yanndepps/.config/yarn/global/node_modules/typescript/lib/lib.d.ts","/Users/yanndepps/.config/yarn/global/node_modules/typescript/lib/lib.es5.d.ts","/Users/yanndepps/.config/yarn/global/node_modules/typescript/lib/lib.dom.d.ts","/Users/yanndepps/.config/yarn/global/node_modules/typescript/lib/lib.webworker.importscripts.d.ts","/Users/yanndepps/.config/yarn/global/node_modules/typescript/lib/lib.scripthost.d.ts","/Users/yanndepps/Documents/Kode/WEB/project_fox_game/src/init.js"],"compilerOptions":{"target":1,"jsx":1,"allowNonTsExtensions":true,"allowJs":true,"noEmitForJsFiles":true,"maxNodeModuleJsDepth":2},"typeAcquisition":{"enable":true,"include":[],"exclude":[]},"unresolvedImports":[],"projectRootPath":"/Users/yanndepps/Documents/Kode/WEB/project_fox_game/src","kind":"discover"}
[17:10:35.680] Loaded safelist from types map file '/users/yanndepps/.config/yarn/global/node_modules/typescript/lib/typesmap.json'
[17:10:35.681] Explicitly included types: []
[17:10:35.682] Inferred typings from unresolved imports: []
[17:10:35.682] Result: {"cachedTypingPaths":[],"newTypingNames":[],"filesToWatch":["/Users/yanndepps/Documents/Kode/WEB/project_fox_game/src/bower_components","/Users/yanndepps/Documents/Kode/WEB/project_fox_game/src/node_modules"]}
[17:10:35.682] Finished typings discovery: {"cachedTypingPaths":[],"newTypingNames":[],"filesToWatch":["/Users/yanndepps/Documents/Kode/WEB/project_fox_game/src/bower_components","/Users/yanndepps/Documents/Kode/WEB/project_fox_game/src/node_modules"]}
[17:10:35.682] DirectoryWatcher:: Added:: WatchInfo: /Users/yanndepps/Documents/Kode/WEB/project_fox_game/src/bower_components
[17:10:35.684] DirectoryWatcher:: Added:: WatchInfo: /Users/yanndepps/Documents/Kode/WEB/project_fox_game/src/node_modules
[17:10:35.684] Sending response:
    {"projectName":"/dev/null/inferredProject1*","typeAcquisition":{"enable":true,"include":[],"exclude":[]},"compilerOptions":{"target":1,"jsx":1,"allowNonTsExtensions":true,"allowJs":true,"noEmitForJsFiles":true,"maxNodeModuleJsDepth":2},"typings":[],"unresolvedImports":[],"kind":"action::set"}
[17:10:35.685] Response has been sent.
[17:10:35.685] No new typings were requested as a result of typings discovery
